
> @ti-tecnologico-de-monterrey-oficial/tec-design-system-ng@0.0.5 build-storybook
> ng run ds-ng:build-storybook --output-dir /var/folders/3k/vwgnwxtj4zb7pyzr4kv9fllr0000gn/T/chromatic--89500-eii4PNHlslsM

Node.js version v21.6.1 detected.
Odd numbered Node.js versions will not enter LTS status and should not be used for production. For more information, please see https://nodejs.org/en/about/previous-releases/.
[0m
[0m [0m [0m [0m [0m [0m [0m [0m [0m [0m [0m [0m [0m [0m [0m [0m [0m [0m [0m [0m [0m [0m [0m [0m [0m [0m [0m [0m [0m [0m [0m [0m [0m [0m [0m [0m [0m [0m [0m [0m [0m [0m [0m [0m [0m [0m [0m [0m [0m [0m [0m [0m [0m [0m [0m [0m [0m [0m [0m [48;5;255m [48;5;255m [0m [0m [0m [0m [0m [0m [0m [0m [0m [0m [0m [0m
[0m [0m [0m [0m [0m [0m [0m [0m [0m [0m [0m [0m [0m [0m [0m [0m [0m [0m [0m [0m [0m [0m [0m [0m [0m [0m [0m [0m [0m [0m [0m [0m [0m [0m [0m [0m [0m [0m [0m [0m [0m [0m [0m [0m [0m [0m [0m [0m [0m [0m [0m [0m [0m [0m [0m [0m [0m [0m [0m [48;5;255m [48;5;255m [0m [0m [0m [0m [0m [0m [0m [0m [0m [0m [0m [0m
[0m [0m [0m [0m [0m [0m [0m [0m [0m [0m [0m [0m [0m [0m [0m [0m [0m [0m [0m [0m [0m [0m [0m [0m [0m [0m [0m [0m [0m [0m [0m [0m [0m [0m [0m [0m [0m [0m [0m [0m [0m [0m [0m [0m [0m [0m [0m [0m [0m [0m [0m [0m [0m [0m [0m [0m [0m [0m [0m [48;5;255m [48;5;255m [0m [0m [0m [0m [0m [0m [0m [0m [0m [0m [0m [0m
[48;5;255m [48;5;255m [48;5;255m [48;5;255m [48;5;255m [48;5;255m [48;5;255m [0m [0m [48;5;255m [48;5;255m [48;5;255m [48;5;255m [48;5;255m [48;5;255m [48;5;255m [48;5;255m [0m [0m [48;5;255m [48;5;255m [48;5;255m [48;5;255m [48;5;255m [48;5;255m [48;5;255m [48;5;255m [48;5;255m [48;5;255m [48;5;255m [48;5;255m [0m [0m [48;5;255m [48;5;255m [48;5;255m [48;5;255m [48;5;255m [48;5;255m [48;5;255m [48;5;255m [0m [0m [48;5;255m [48;5;255m [48;5;255m [48;5;255m [48;5;255m [48;5;255m [48;5;255m [48;5;255m [0m [0m [48;5;255m [48;5;255m [48;5;255m [48;5;255m [48;5;255m [48;5;255m [48;5;255m [48;5;255m [0m [0m [48;5;255m [48;5;255m [48;5;255m [48;5;255m [48;5;255m [48;5;255m [48;5;255m [48;5;255m [0m [0m [48;5;255m [48;5;255m [48;5;255m [48;5;255m [48;5;255m [48;5;255m [48;5;255m [48;5;255m [0m
[48;5;255m [48;5;255m [0m [0m [0m [0m [0m [0m [0m [48;5;255m [48;5;255m [0m [0m [0m [0m [48;5;255m [48;5;255m [0m [0m [48;5;255m [48;5;255m [0m [0m [0m [48;5;255m [48;5;255m [0m [0m [0m [48;5;255m [48;5;255m [0m [0m [48;5;255m [48;5;255m [0m [0m [0m [0m [48;5;255m [48;5;255m [0m [0m [48;5;255m [48;5;255m [0m [0m [0m [0m [48;5;255m [48;5;255m [0m [0m [48;5;255m [48;5;255m [0m [0m [0m [0m [48;5;255m [48;5;255m [0m [0m [48;5;255m [48;5;255m [0m [0m [0m [0m [48;5;255m [48;5;255m [0m [0m [48;5;255m [48;5;255m [0m
[48;5;255m [48;5;255m [0m [0m [0m [0m [0m [0m [0m [48;5;255m [48;5;255m [0m [0m [0m [0m [48;5;255m [48;5;255m [0m [0m [48;5;255m [48;5;255m [0m [0m [0m [48;5;255m [48;5;255m [0m [0m [0m [48;5;255m [48;5;255m [0m [0m [48;5;255m [48;5;255m [0m [0m [0m [0m [48;5;255m [48;5;255m [0m [0m [48;5;255m [48;5;255m [0m [0m [0m [0m [48;5;255m [48;5;255m [0m [0m [48;5;255m [48;5;255m [0m [0m [0m [0m [48;5;255m [48;5;255m [0m [0m [48;5;255m [48;5;255m [0m [0m [0m [0m [48;5;255m [48;5;255m [0m [0m [48;5;255m [48;5;255m [0m
[48;5;255m [48;5;255m [0m [0m [0m [0m [0m [0m [0m [48;5;255m [48;5;255m [0m [0m [0m [0m [48;5;255m [48;5;255m [0m [0m [48;5;255m [48;5;255m [0m [0m [0m [48;5;255m [48;5;255m [0m [0m [0m [48;5;255m [48;5;255m [0m [0m [48;5;255m [48;5;255m [0m [0m [0m [0m [48;5;255m [48;5;255m [0m [0m [48;5;255m [48;5;255m [0m [0m [0m [0m [48;5;255m [48;5;255m [0m [0m [48;5;255m [48;5;255m [0m [0m [0m [0m [48;5;255m [48;5;255m [0m [0m [48;5;255m [48;5;255m [0m [0m [0m [0m [48;5;255m [48;5;255m [0m [0m [48;5;255m [48;5;255m [0m
[48;5;255m [48;5;255m [48;5;255m [48;5;255m [48;5;255m [48;5;255m [48;5;255m [0m [0m [48;5;255m [48;5;255m [48;5;255m [48;5;255m [48;5;255m [48;5;255m [48;5;255m [48;5;255m [0m [0m [48;5;255m [48;5;255m [0m [0m [0m [48;5;255m [48;5;255m [0m [0m [0m [48;5;255m [48;5;255m [0m [0m [48;5;255m [48;5;255m [48;5;255m [48;5;255m [48;5;255m [48;5;255m [48;5;255m [48;5;255m [0m [0m [48;5;255m [48;5;255m [48;5;255m [48;5;255m [48;5;255m [48;5;255m [48;5;255m [48;5;255m [0m [0m [48;5;255m [48;5;255m [48;5;255m [48;5;255m [48;5;255m [48;5;255m [48;5;255m [48;5;255m [0m [0m [48;5;255m [48;5;255m [48;5;255m [48;5;255m [48;5;255m [48;5;255m [48;5;255m [48;5;255m [0m [0m [48;5;255m [48;5;255m [48;5;255m [48;5;255m [48;5;255m [48;5;255m [48;5;255m [48;5;255m [0m
[0m [0m [0m [0m [0m [0m [0m [0m [0m [0m [0m [0m [0m [0m [0m [0m [0m [0m [0m [0m [0m [0m [0m [0m [0m [0m [0m [0m [0m [0m [0m [0m [0m [48;5;255m [48;5;255m [0m [0m [0m [0m [0m [0m [0m [0m [0m [0m [0m [0m
[0m [0m [0m [0m [0m [0m [0m [0m [0m [0m [0m [0m [0m [0m [0m [0m [0m [0m [0m [0m [0m [0m [0m [0m [0m [0m [0m [0m [0m [0m [0m [0m [0m [48;5;255m [48;5;255m [0m [0m [0m [0m [0m [0m [0m [0m [0m [0m [0m [0m
[0m [0m [0m [0m [0m [0m [0m [0m [0m [0m [0m [0m [0m [0m [0m [0m [0m [0m [0m [0m [0m [0m [0m [0m [0m [0m [0m [0m [0m [0m [0m [0m [0m [48;5;255m [48;5;255m [0m [0m [0m [0m [0m [0m [0m [0m [0m [0m [0m [0m

1.1.23

TypeScript version used by Compodoc : 5.2.2

TypeScript version of current project : 5.2.2

Node.js version : v21.6.1

Operating system : macOS Monterey

[13:37:11] No configuration file found, switching to CLI flags.
[13:37:11] Using tsconfig file : /Users/lizvillegas/sites/tec-desing-system-ng/projects/ds-ng/.storybook/tsconfig.json
[13:37:11] Including      : /Users/lizvillegas/sites/tec-desing-system-ng/projects/ds-ng/.storybook/preview.ts
[13:37:11] Including      : /Users/lizvillegas/sites/tec-desing-system-ng/projects/ds-ng/src/public-api.ts
[13:37:11] Including      : /Users/lizvillegas/sites/tec-desing-system-ng/projects/ds-ng/src/lib/ds-ng.component.ts
[13:37:11] Including      : /Users/lizvillegas/sites/tec-desing-system-ng/projects/ds-ng/src/lib/ds-ng.service.ts
[13:37:11] Excluding      : /Users/lizvillegas/sites/tec-desing-system-ng/projects/ds-ng/src/assets/styles/main.scss
[13:37:11] Including      : /Users/lizvillegas/sites/tec-desing-system-ng/projects/ds-ng/src/lib/directives/button.directive.ts
[13:37:11] Including      : /Users/lizvillegas/sites/tec-desing-system-ng/projects/ds-ng/src/lib/directives/button.stories.ts
[13:37:11] Including      : /Users/lizvillegas/sites/tec-desing-system-ng/projects/ds-ng/src/lib/services/index.ts
[13:37:11] Including      : /Users/lizvillegas/sites/tec-desing-system-ng/projects/ds-ng/src/lib/services/theme.service.ts
[13:37:11] Including      : /Users/lizvillegas/sites/tec-desing-system-ng/projects/ds-ng/src/lib/services/toast.service.ts
[13:37:11] Excluding      : /Users/lizvillegas/sites/tec-desing-system-ng/projects/ds-ng/src/assets/fonts/Material/material-icons.woff2
[13:37:11] Excluding      : /Users/lizvillegas/sites/tec-desing-system-ng/projects/ds-ng/src/assets/fonts/Material/material-symbols.woff2
[13:37:11] Excluding      : /Users/lizvillegas/sites/tec-desing-system-ng/projects/ds-ng/src/assets/fonts/Poppins/Poppins-Black.ttf
[13:37:11] Excluding      : /Users/lizvillegas/sites/tec-desing-system-ng/projects/ds-ng/src/assets/fonts/Poppins/Poppins-BlackItalic.ttf
[13:37:11] Excluding      : /Users/lizvillegas/sites/tec-desing-system-ng/projects/ds-ng/src/assets/fonts/Poppins/Poppins-Bold.ttf
[13:37:11] Excluding      : /Users/lizvillegas/sites/tec-desing-system-ng/projects/ds-ng/src/assets/fonts/Poppins/Poppins-BoldItalic.ttf
[13:37:11] Excluding      : /Users/lizvillegas/sites/tec-desing-system-ng/projects/ds-ng/src/assets/fonts/Poppins/Poppins-ExtraBold.ttf
[13:37:11] Excluding      : /Users/lizvillegas/sites/tec-desing-system-ng/projects/ds-ng/src/assets/fonts/Poppins/Poppins-ExtraBoldItalic.ttf
[13:37:11] Excluding      : /Users/lizvillegas/sites/tec-desing-system-ng/projects/ds-ng/src/assets/fonts/Poppins/Poppins-ExtraLight.ttf
[13:37:11] Excluding      : /Users/lizvillegas/sites/tec-desing-system-ng/projects/ds-ng/src/assets/fonts/Poppins/Poppins-ExtraLightItalic.ttf
[13:37:11] Excluding      : /Users/lizvillegas/sites/tec-desing-system-ng/projects/ds-ng/src/assets/fonts/Poppins/Poppins-Italic.ttf
[13:37:11] Excluding      : /Users/lizvillegas/sites/tec-desing-system-ng/projects/ds-ng/src/assets/fonts/Poppins/Poppins-Light.ttf
[13:37:11] Excluding      : /Users/lizvillegas/sites/tec-desing-system-ng/projects/ds-ng/src/assets/fonts/Poppins/Poppins-LightItalic.ttf
[13:37:11] Excluding      : /Users/lizvillegas/sites/tec-desing-system-ng/projects/ds-ng/src/assets/fonts/Poppins/Poppins-Medium.ttf
[13:37:11] Excluding      : /Users/lizvillegas/sites/tec-desing-system-ng/projects/ds-ng/src/assets/fonts/Poppins/Poppins-MediumItalic.ttf
[13:37:11] Excluding      : /Users/lizvillegas/sites/tec-desing-system-ng/projects/ds-ng/src/assets/fonts/Poppins/Poppins-Regular.ttf
[13:37:11] Excluding      : /Users/lizvillegas/sites/tec-desing-system-ng/projects/ds-ng/src/assets/fonts/Poppins/Poppins-SemiBold.ttf
[13:37:11] Excluding      : /Users/lizvillegas/sites/tec-desing-system-ng/projects/ds-ng/src/assets/fonts/Poppins/Poppins-SemiBoldItalic.ttf
[13:37:11] Excluding      : /Users/lizvillegas/sites/tec-desing-system-ng/projects/ds-ng/src/assets/fonts/Poppins/Poppins-Thin.ttf
[13:37:11] Excluding      : /Users/lizvillegas/sites/tec-desing-system-ng/projects/ds-ng/src/assets/fonts/Poppins/Poppins-ThinItalic.ttf
[13:37:11] Excluding      : /Users/lizvillegas/sites/tec-desing-system-ng/projects/ds-ng/src/assets/styles/base/_fonts.scss
[13:37:11] Excluding      : /Users/lizvillegas/sites/tec-desing-system-ng/projects/ds-ng/src/assets/styles/base/_mixins.scss
[13:37:11] Excluding      : /Users/lizvillegas/sites/tec-desing-system-ng/projects/ds-ng/src/assets/styles/base/_rem.scss
[13:37:11] Excluding      : /Users/lizvillegas/sites/tec-desing-system-ng/projects/ds-ng/src/assets/styles/base/_reset.scss
[13:37:11] Excluding      : /Users/lizvillegas/sites/tec-desing-system-ng/projects/ds-ng/src/assets/styles/components/_buttons.scss
[13:37:11] Excluding      : /Users/lizvillegas/sites/tec-desing-system-ng/projects/ds-ng/src/assets/styles/tokens/_colors.scss
[13:37:11] Excluding      : /Users/lizvillegas/sites/tec-desing-system-ng/projects/ds-ng/src/assets/styles/tokens/_theme.scss
[13:37:11] Excluding      : /Users/lizvillegas/sites/tec-desing-system-ng/projects/ds-ng/src/lib/components/bmb-badge/bmb-badge.component.html
[13:37:11] Excluding      : /Users/lizvillegas/sites/tec-desing-system-ng/projects/ds-ng/src/lib/components/bmb-badge/bmb-badge.component.scss
[13:37:11] Including      : /Users/lizvillegas/sites/tec-desing-system-ng/projects/ds-ng/src/lib/components/bmb-badge/bmb-badge.component.ts
[13:37:11] Including      : /Users/lizvillegas/sites/tec-desing-system-ng/projects/ds-ng/src/lib/components/bmb-badge/bmb-badge.stories.ts
[13:37:11] Excluding      : /Users/lizvillegas/sites/tec-desing-system-ng/projects/ds-ng/src/lib/components/bmb-container/bmb-container.component.html
[13:37:11] Excluding      : /Users/lizvillegas/sites/tec-desing-system-ng/projects/ds-ng/src/lib/components/bmb-container/bmb-container.component.scss
[13:37:11] Including      : /Users/lizvillegas/sites/tec-desing-system-ng/projects/ds-ng/src/lib/components/bmb-container/bmb-container.component.ts
[13:37:11] Including      : /Users/lizvillegas/sites/tec-desing-system-ng/projects/ds-ng/src/lib/components/bmb-container/bmb-container.stories.ts
[13:37:11] Excluding      : /Users/lizvillegas/sites/tec-desing-system-ng/projects/ds-ng/src/lib/components/bmb-container-button/bmb-container-button.component.html
[13:37:11] Excluding      : /Users/lizvillegas/sites/tec-desing-system-ng/projects/ds-ng/src/lib/components/bmb-container-button/bmb-container-button.component.scss
[13:37:11] Including      : /Users/lizvillegas/sites/tec-desing-system-ng/projects/ds-ng/src/lib/components/bmb-container-button/bmb-container-button.component.ts
[13:37:11] Including      : /Users/lizvillegas/sites/tec-desing-system-ng/projects/ds-ng/src/lib/components/bmb-container-button/bmb-container-button.stories.ts
[13:37:11] Excluding      : /Users/lizvillegas/sites/tec-desing-system-ng/projects/ds-ng/src/lib/components/bmb-divider/bmb-divider.component.html
[13:37:11] Excluding      : /Users/lizvillegas/sites/tec-desing-system-ng/projects/ds-ng/src/lib/components/bmb-divider/bmb-divider.component.scss
[13:37:11] Including      : /Users/lizvillegas/sites/tec-desing-system-ng/projects/ds-ng/src/lib/components/bmb-divider/bmb-divider.component.ts
[13:37:11] Excluding      : /Users/lizvillegas/sites/tec-desing-system-ng/projects/ds-ng/src/lib/components/bmb-dot-paginator/bmb-dot-paginator.component.html
[13:37:11] Excluding      : /Users/lizvillegas/sites/tec-desing-system-ng/projects/ds-ng/src/lib/components/bmb-dot-paginator/bmb-dot-paginator.component.scss
[13:37:11] Including      : /Users/lizvillegas/sites/tec-desing-system-ng/projects/ds-ng/src/lib/components/bmb-dot-paginator/bmb-dot-paginator.component.ts
[13:37:11] Including      : /Users/lizvillegas/sites/tec-desing-system-ng/projects/ds-ng/src/lib/components/bmb-dot-paginator/bmb-dot-paginator.interface.ts
[13:37:11] Excluding      : /Users/lizvillegas/sites/tec-desing-system-ng/projects/ds-ng/src/lib/components/bmb-fab/bmb-fab.component.html
[13:37:11] Excluding      : /Users/lizvillegas/sites/tec-desing-system-ng/projects/ds-ng/src/lib/components/bmb-fab/bmb-fab.component.scss
[13:37:11] Including      : /Users/lizvillegas/sites/tec-desing-system-ng/projects/ds-ng/src/lib/components/bmb-fab/bmb-fab.component.ts
[13:37:11] Including      : /Users/lizvillegas/sites/tec-desing-system-ng/projects/ds-ng/src/lib/components/bmb-fab/bmb-fab.stories.ts
[13:37:11] Excluding      : /Users/lizvillegas/sites/tec-desing-system-ng/projects/ds-ng/src/lib/components/bmb-header-mobile/bmb-header-mobile.component.html
[13:37:11] Excluding      : /Users/lizvillegas/sites/tec-desing-system-ng/projects/ds-ng/src/lib/components/bmb-header-mobile/bmb-header-mobile.component.scss
[13:37:11] Including      : /Users/lizvillegas/sites/tec-desing-system-ng/projects/ds-ng/src/lib/components/bmb-header-mobile/bmb-header-mobile.component.ts
[13:37:11] Including      : /Users/lizvillegas/sites/tec-desing-system-ng/projects/ds-ng/src/lib/components/bmb-header-mobile/bmb-header-mobile.stories.ts
[13:37:11] Excluding      : /Users/lizvillegas/sites/tec-desing-system-ng/projects/ds-ng/src/lib/components/bmb-home-section/bmb-home-section.component.html
[13:37:11] Excluding      : /Users/lizvillegas/sites/tec-desing-system-ng/projects/ds-ng/src/lib/components/bmb-home-section/bmb-home-section.component.scss
[13:37:11] Including      : /Users/lizvillegas/sites/tec-desing-system-ng/projects/ds-ng/src/lib/components/bmb-home-section/bmb-home-section.component.ts
[13:37:11] Including      : /Users/lizvillegas/sites/tec-desing-system-ng/projects/ds-ng/src/lib/components/bmb-home-section/bmb-home-section.stories.ts
[13:37:11] Excluding      : /Users/lizvillegas/sites/tec-desing-system-ng/projects/ds-ng/src/lib/components/bmb-icon/bmb-icon.component.html
[13:37:11] Including      : /Users/lizvillegas/sites/tec-desing-system-ng/projects/ds-ng/src/lib/components/bmb-icon/bmb-icon.component.ts
[13:37:11] Excluding      : /Users/lizvillegas/sites/tec-desing-system-ng/projects/ds-ng/src/lib/components/bmb-input/bmb-input.component.html
[13:37:11] Excluding      : /Users/lizvillegas/sites/tec-desing-system-ng/projects/ds-ng/src/lib/components/bmb-input/bmb-input.component.scss
[13:37:11] Including      : /Users/lizvillegas/sites/tec-desing-system-ng/projects/ds-ng/src/lib/components/bmb-input/bmb-input.component.ts
[13:37:11] Including      : /Users/lizvillegas/sites/tec-desing-system-ng/projects/ds-ng/src/lib/components/bmb-input/bmb-input.stories.ts
[13:37:11] Excluding      : /Users/lizvillegas/sites/tec-desing-system-ng/projects/ds-ng/src/lib/components/bmb-interactive-icon/bmb-interactive-icon.component.html
[13:37:11] Excluding      : /Users/lizvillegas/sites/tec-desing-system-ng/projects/ds-ng/src/lib/components/bmb-interactive-icon/bmb-interactive-icon.component.scss
[13:37:11] Including      : /Users/lizvillegas/sites/tec-desing-system-ng/projects/ds-ng/src/lib/components/bmb-interactive-icon/bmb-interactive-icon.component.ts
[13:37:11] Including      : /Users/lizvillegas/sites/tec-desing-system-ng/projects/ds-ng/src/lib/components/bmb-interactive-icon/bmb-interactive-icon.stories.ts
[13:37:11] Excluding      : /Users/lizvillegas/sites/tec-desing-system-ng/projects/ds-ng/src/lib/components/bmb-logo/bmb-logo.component.html
[13:37:11] Excluding      : /Users/lizvillegas/sites/tec-desing-system-ng/projects/ds-ng/src/lib/components/bmb-logo/bmb-logo.component.scss
[13:37:11] Including      : /Users/lizvillegas/sites/tec-desing-system-ng/projects/ds-ng/src/lib/components/bmb-logo/bmb-logo.component.ts
[13:37:11] Excluding      : /Users/lizvillegas/sites/tec-desing-system-ng/projects/ds-ng/src/lib/components/bmb-tags/bmb-tags.component.html
[13:37:11] Excluding      : /Users/lizvillegas/sites/tec-desing-system-ng/projects/ds-ng/src/lib/components/bmb-tags/bmb-tags.component.scss
[13:37:11] Including      : /Users/lizvillegas/sites/tec-desing-system-ng/projects/ds-ng/src/lib/components/bmb-tags/bmb-tags.component.ts
[13:37:11] Including      : /Users/lizvillegas/sites/tec-desing-system-ng/projects/ds-ng/src/lib/components/bmb-tags/bmb-tags.stories.ts
[13:37:11] Excluding      : /Users/lizvillegas/sites/tec-desing-system-ng/projects/ds-ng/src/lib/components/bmb-theme/bmb-theme.component.html
[13:37:11] Including      : /Users/lizvillegas/sites/tec-desing-system-ng/projects/ds-ng/src/lib/components/bmb-theme/bmb-theme.component.ts
[13:37:11] Excluding      : /Users/lizvillegas/sites/tec-desing-system-ng/projects/ds-ng/src/lib/components/bmb-title-section/bmb-title-section.component.html
[13:37:11] Excluding      : /Users/lizvillegas/sites/tec-desing-system-ng/projects/ds-ng/src/lib/components/bmb-title-section/bmb-title-section.component.scss
[13:37:11] Including      : /Users/lizvillegas/sites/tec-desing-system-ng/projects/ds-ng/src/lib/components/bmb-title-section/bmb-title-section.component.ts
[13:37:11] Excluding      : /Users/lizvillegas/sites/tec-desing-system-ng/projects/ds-ng/src/lib/components/bmb-toast/bmb-toast.component.html
[13:37:11] Excluding      : /Users/lizvillegas/sites/tec-desing-system-ng/projects/ds-ng/src/lib/components/bmb-toast/bmb-toast.component.scss
[13:37:11] Including      : /Users/lizvillegas/sites/tec-desing-system-ng/projects/ds-ng/src/lib/components/bmb-toast/bmb-toast.component.ts
[13:37:11] Including      : /Users/lizvillegas/sites/tec-desing-system-ng/projects/ds-ng/src/lib/components/bmb-toast/bmb-toast.stories.ts
[13:37:11] Excluding      : /Users/lizvillegas/sites/tec-desing-system-ng/projects/ds-ng/src/lib/components/bmb-user-image/bmb-user-image.component.html
[13:37:11] Excluding      : /Users/lizvillegas/sites/tec-desing-system-ng/projects/ds-ng/src/lib/components/bmb-user-image/bmb-user-image.component.scss
[13:37:11] Including      : /Users/lizvillegas/sites/tec-desing-system-ng/projects/ds-ng/src/lib/components/bmb-user-image/bmb-user-image.component.ts
[13:37:11] Including      : /Users/lizvillegas/sites/tec-desing-system-ng/projects/ds-ng/src/lib/components/bmb-user-image/bmb-user-images.stories.ts
[13:37:11] Searching package.json file
[13:37:11] package.json file found
[13:37:11] Processing package.json dependencies
[13:37:11] Searching README.md, CHANGELOG.md, CONTRIBUTING.md, LICENSE.md, TODO.md files
[13:37:11] README.md file found
[13:37:11] Error during /Users/lizvillegas/sites/tec-desing-system-ng/CHANGELOG read
[13:37:11] Continuing without CHANGELOG.md file
[13:37:11] Error during /Users/lizvillegas/sites/tec-desing-system-ng/CONTRIBUTING read
[13:37:11] Continuing without CONTRIBUTING.md file
[13:37:11] Error during /Users/lizvillegas/sites/tec-desing-system-ng/LICENSE read
[13:37:11] Continuing without LICENSE.md file
[13:37:11] Error during /Users/lizvillegas/sites/tec-desing-system-ng/TODO read
[13:37:11] Continuing without TODO.md file
[13:37:11] Get dependencies data
[13:37:11] parsing        : /Users/lizvillegas/sites/tec-desing-system-ng/projects/ds-ng/.storybook/preview.ts
[13:37:11] found          : preview
[13:37:11] parsing        : /Users/lizvillegas/sites/tec-desing-system-ng/projects/ds-ng/src/public-api.ts
[13:37:11] parsing        : /Users/lizvillegas/sites/tec-desing-system-ng/projects/ds-ng/src/lib/ds-ng.component.ts
[13:37:11] found          : DsNgComponent
[13:37:11] parsing        : /Users/lizvillegas/sites/tec-desing-system-ng/projects/ds-ng/src/lib/ds-ng.service.ts
[13:37:11] found          : DsNgService
[13:37:11] parsing        : /Users/lizvillegas/sites/tec-desing-system-ng/projects/ds-ng/src/lib/directives/button.directive.ts
[13:37:11] found          : BmbButtonDirective
[13:37:11] parsing        : /Users/lizvillegas/sites/tec-desing-system-ng/projects/ds-ng/src/lib/directives/button.stories.ts
[13:37:11] found          : attributes
[13:37:11] found          : attributesText
[13:37:11] found          : customizable
[13:37:11] found          : Default
[13:37:11] parsing        : /Users/lizvillegas/sites/tec-desing-system-ng/projects/ds-ng/src/lib/services/index.ts
[13:37:11] parsing        : /Users/lizvillegas/sites/tec-desing-system-ng/projects/ds-ng/src/lib/services/theme.service.ts
[13:37:11] found          : ThemeService
[13:37:11] parsing        : /Users/lizvillegas/sites/tec-desing-system-ng/projects/ds-ng/src/lib/services/toast.service.ts
[13:37:11] found          : ToastService
[13:37:11] parsing        : /Users/lizvillegas/sites/tec-desing-system-ng/projects/ds-ng/src/lib/components/bmb-badge/bmb-badge.component.ts
[13:37:11] found          : BmbBadgeComponent
[13:37:11]                : - imports:
[13:37:11]                : 	- CommonModule
[13:37:11] parsing        : /Users/lizvillegas/sites/tec-desing-system-ng/projects/ds-ng/src/lib/components/bmb-badge/bmb-badge.stories.ts
[13:37:11] found          : Story
[13:37:11] found          : Default
[13:37:11] parsing        : /Users/lizvillegas/sites/tec-desing-system-ng/projects/ds-ng/src/lib/components/bmb-container/bmb-container.component.ts
[13:37:11] found          : BmbContainerComponent
[13:37:11]                : - imports:
[13:37:11]                : 	- CommonModule
[13:37:11] parsing        : /Users/lizvillegas/sites/tec-desing-system-ng/projects/ds-ng/src/lib/components/bmb-container/bmb-container.stories.ts
[13:37:11] found          : Story
[13:37:11] found          : Default
[13:37:11] parsing        : /Users/lizvillegas/sites/tec-desing-system-ng/projects/ds-ng/src/lib/components/bmb-container-button/bmb-container-button.component.ts
[13:37:11] found          : BmbContainerButtonComponent
[13:37:11]                : - imports:
[13:37:11]                : 	- CommonModule
[13:37:11]                : 	- BmbIconComponent
[13:37:11] parsing        : /Users/lizvillegas/sites/tec-desing-system-ng/projects/ds-ng/src/lib/components/bmb-container-button/bmb-container-button.stories.ts
[13:37:11] found          : Story
[13:37:11] found          : Default
[13:37:11] parsing        : /Users/lizvillegas/sites/tec-desing-system-ng/projects/ds-ng/src/lib/components/bmb-divider/bmb-divider.component.ts
[13:37:11] found          : BmbDividerComponent
[13:37:11]                : - imports:
[13:37:11]                : 	- CommonModule
[13:37:11] parsing        : /Users/lizvillegas/sites/tec-desing-system-ng/projects/ds-ng/src/lib/components/bmb-dot-paginator/bmb-dot-paginator.component.ts
[13:37:11] found          : BmbDotPaginatorComponent
[13:37:11]                : - imports:
[13:37:11]                : 	- CommonModule
[13:37:11] parsing        : /Users/lizvillegas/sites/tec-desing-system-ng/projects/ds-ng/src/lib/components/bmb-dot-paginator/bmb-dot-paginator.interface.ts
[13:37:11] found          : Target
[13:37:11] found          : Props
[13:37:11] parsing        : /Users/lizvillegas/sites/tec-desing-system-ng/projects/ds-ng/src/lib/components/bmb-fab/bmb-fab.component.ts
[13:37:11] found          : BmbFabComponent
[13:37:11]                : - imports:
[13:37:11]                : 	- CommonModule
[13:37:11]                : 	- BmbIconComponent
[13:37:11] parsing        : /Users/lizvillegas/sites/tec-desing-system-ng/projects/ds-ng/src/lib/components/bmb-fab/bmb-fab.stories.ts
[13:37:11] found          : Story
[13:37:11] found          : Default
[13:37:11] parsing        : /Users/lizvillegas/sites/tec-desing-system-ng/projects/ds-ng/src/lib/components/bmb-header-mobile/bmb-header-mobile.component.ts
[13:37:11] found          : BmbHeaderMobileComponent
[13:37:11]                : - imports:
[13:37:11]                : 	- CommonModule
[13:37:11]                : 	- BmbIconComponent
[13:37:11]                : 	- BmbLogoComponent
[13:37:11]                : 	- BmbContainerComponent
[13:37:11]                : 	- BmbUserImageComponent
[13:37:11] parsing        : /Users/lizvillegas/sites/tec-desing-system-ng/projects/ds-ng/src/lib/components/bmb-header-mobile/bmb-header-mobile.stories.ts
[13:37:11] found          : Story
[13:37:11] found          : Default
[13:37:11] parsing        : /Users/lizvillegas/sites/tec-desing-system-ng/projects/ds-ng/src/lib/components/bmb-home-section/bmb-home-section.component.ts
[13:37:11] found          : BmbHomeSectionComponent
[13:37:11]                : - imports:
[13:37:11]                : 	- CommonModule
[13:37:11]                : 	- BmbContainerComponent
[13:37:11]                : 	- BmbTitleSectionComponent
[13:37:11] parsing        : /Users/lizvillegas/sites/tec-desing-system-ng/projects/ds-ng/src/lib/components/bmb-home-section/bmb-home-section.stories.ts
[13:37:11] found          : Story
[13:37:11] found          : Default
[13:37:11] parsing        : /Users/lizvillegas/sites/tec-desing-system-ng/projects/ds-ng/src/lib/components/bmb-icon/bmb-icon.component.ts
[13:37:11] found          : BmbIconComponent
[13:37:11] parsing        : /Users/lizvillegas/sites/tec-desing-system-ng/projects/ds-ng/src/lib/components/bmb-input/bmb-input.component.ts
[13:37:11] found          : BmbInputComponent
[13:37:11]                : - imports:
[13:37:11]                : 	- CommonModule
[13:37:11]                : 	- BmbIconComponent
[13:37:11]                : 	- FormsModule
[13:37:11]                : - providers:
[13:37:11]                : 	- {
    provide: NG_VALUE_ACCESSOR, useExisting: forwardRef(() => BmbInputComponent), multi: true,
}
[13:37:11]                : 	- {
    provide: NG_VALIDATORS, useExisting: forwardRef(() => BmbInputComponent), multi: true,
}
[13:37:11] parsing        : /Users/lizvillegas/sites/tec-desing-system-ng/projects/ds-ng/src/lib/components/bmb-input/bmb-input.stories.ts
[13:37:11] found          : Story
[13:37:11] found          : Default
[13:37:11] parsing        : /Users/lizvillegas/sites/tec-desing-system-ng/projects/ds-ng/src/lib/components/bmb-interactive-icon/bmb-interactive-icon.component.ts
[13:37:11] found          : BmbInteractiveIconComponent
[13:37:11]                : - imports:
[13:37:11]                : 	- CommonModule
[13:37:11]                : 	- BmbIconComponent
[13:37:11] parsing        : /Users/lizvillegas/sites/tec-desing-system-ng/projects/ds-ng/src/lib/components/bmb-interactive-icon/bmb-interactive-icon.stories.ts
[13:37:11] found          : Story
[13:37:11] found          : Default
[13:37:11] parsing        : /Users/lizvillegas/sites/tec-desing-system-ng/projects/ds-ng/src/lib/components/bmb-logo/bmb-logo.component.ts
[13:37:11] found          : BmbLogoComponent
[13:37:11]                : - imports:
[13:37:11]                : 	- CommonModule
[13:37:11] parsing        : /Users/lizvillegas/sites/tec-desing-system-ng/projects/ds-ng/src/lib/components/bmb-tags/bmb-tags.component.ts
[13:37:11] found          : BmbTagComponent
[13:37:11]                : - imports:
[13:37:11]                : 	- CommonModule
[13:37:11]                : 	- BmbIconComponent
[13:37:11] parsing        : /Users/lizvillegas/sites/tec-desing-system-ng/projects/ds-ng/src/lib/components/bmb-tags/bmb-tags.stories.ts
[13:37:11] found          : Story
[13:37:11] found          : Default
[13:37:11] parsing        : /Users/lizvillegas/sites/tec-desing-system-ng/projects/ds-ng/src/lib/components/bmb-theme/bmb-theme.component.ts
[13:37:11] found          : BmbThemeComponent
[13:37:11]                : - imports:
[13:37:11]                : 	- CommonModule
[13:37:11]                : - providers:
[13:37:11]                : 	- ThemeService
[13:37:11] parsing        : /Users/lizvillegas/sites/tec-desing-system-ng/projects/ds-ng/src/lib/components/bmb-title-section/bmb-title-section.component.ts
[13:37:11] found          : BmbTitleSectionComponent
[13:37:11]                : - imports:
[13:37:11]                : 	- CommonModule
[13:37:11]                : 	- BmbIconComponent
[13:37:11] parsing        : /Users/lizvillegas/sites/tec-desing-system-ng/projects/ds-ng/src/lib/components/bmb-toast/bmb-toast.component.ts
[13:37:11] found          : BmbToastComponent
[13:37:11]                : - imports:
[13:37:11]                : 	- CommonModule
[13:37:11]                : 	- BmbIconComponent
[13:37:11]                : - providers:
[13:37:11]                : 	- ToastService
[13:37:11] parsing        : /Users/lizvillegas/sites/tec-desing-system-ng/projects/ds-ng/src/lib/components/bmb-toast/bmb-toast.stories.ts
[13:37:11] found          : StorybookToastWrapperComponent
[13:37:11]                : - imports:
[13:37:11]                : 	- BmbToastComponent
[13:37:11]                : 	- BmbButtonDirective
[13:37:11] found          : attributes
[13:37:11] found          : Default
[13:37:11] parsing        : /Users/lizvillegas/sites/tec-desing-system-ng/projects/ds-ng/src/lib/components/bmb-user-image/bmb-user-image.component.ts
[13:37:11] found          : BmbUserImageComponent
[13:37:11]                : - imports:
[13:37:11]                : 	- CommonModule
[13:37:11] parsing        : /Users/lizvillegas/sites/tec-desing-system-ng/projects/ds-ng/src/lib/components/bmb-user-image/bmb-user-images.stories.ts
[13:37:11] found          : Story
[13:37:11] found          : Default
[13:37:11] -------------------
[13:37:11] Project statistics 
[13:37:11] - component  : 19
[13:37:11] - directive  : 1
[13:37:11] - injectable : 3
[13:37:11] - interface  : 2
[13:37:11] -------------------
[13:37:11] Prepare components
[13:37:11]  BmbBadgeComponent has a templateUrl, include it
[13:37:11]  BmbContainerButtonComponent has a templateUrl, include it
[13:37:11]  BmbContainerComponent has a templateUrl, include it
[13:37:11]  BmbDividerComponent has a templateUrl, include it
[13:37:11]  BmbDotPaginatorComponent has a templateUrl, include it
[13:37:11]  BmbFabComponent has a templateUrl, include it
[13:37:11]  BmbHeaderMobileComponent has a templateUrl, include it
[13:37:11]  BmbHomeSectionComponent has a templateUrl, include it
[13:37:11]  BmbIconComponent has a templateUrl, include it
[13:37:11]  BmbInputComponent has a templateUrl, include it
[13:37:11]  BmbInteractiveIconComponent has a templateUrl, include it
[13:37:11]  BmbLogoComponent has a templateUrl, include it
[13:37:11]  BmbTagComponent has a templateUrl, include it
[13:37:11]  BmbThemeComponent has a templateUrl, include it
[13:37:11]  BmbTitleSectionComponent has a templateUrl, include it
[13:37:11]  BmbToastComponent has a templateUrl, include it
[13:37:11]  BmbUserImageComponent has a templateUrl, include it
[13:37:11]  DsNgComponent has styles, include them
[13:37:11] Prepare modules
[13:37:11] Prepare directives
[13:37:11] Prepare injectables
[13:37:11] Prepare interfaces
[13:37:11] Prepare miscellaneous
[13:37:11] Process documentation coverage report
[13:37:11] Generating documentation in export format json
[13:37:11] Documentation generated in ./ in 0.591 seconds
info => Cleaning outputDir: /var/folders/3k/vwgnwxtj4zb7pyzr4kv9fllr0000gn/T/chromatic--89500-eii4PNHlslsM

(node:89674) [DEP0040] DeprecationWarning: The `punycode` module is deprecated. Please use a userland alternative instead.
(Use `node --trace-deprecation ...` to show where the warning was created)
info => Loading presets
info Found existing addon "@storybook/addon-docs", skipping.
info Found existing addon "@storybook/addon-docs", skipping.
info => Building manager..
info => Manager built (204 ms)
info => Building preview..
info => Copying static files: /Users/lizvillegas/sites/tec-desing-system-ng/node_modules/@storybook/manager/static at /var/folders/3k/vwgnwxtj4zb7pyzr4kv9fllr0000gn/T/chromatic--89500-eii4PNHlslsM/sb-common-assets
info Using Babel compiler
info Addon-docs: using MDX2
info => Using implicit CSS loaders
info => Using angular browser target options from "ds-ng:build"
info => Using angular project with "tsConfig:/Users/lizvillegas/sites/tec-desing-system-ng/projects/ds-ng/.storybook/tsconfig.json"
info => Using default Webpack5 setup
<s> [webpack.Progress] 0% 

<s> [webpack.Progress] 1% setup before run
<s> [webpack.Progress] 1% setup before run NodeEnvironmentPlugin
<s> [webpack.Progress] 1% setup before run
<s> [webpack.Progress] 2% setup run
<s> [webpack.Progress] 2% setup run
<s> [webpack.Progress] 4% setup normal module factory
<s> [webpack.Progress] 4% setup normal module factory CaseSensitivePathsPlugin
<s> [webpack.Progress] 4% setup normal module factory
<s> [webpack.Progress] 5% setup context module factory
<s> [webpack.Progress] 5% setup context module factory
<s> [webpack.Progress] 6% setup before compile
<s> [webpack.Progress] 6% setup before compile angular-compiler
<s> [webpack.Progress] 6% setup before compile ProgressPlugin
<s> [webpack.Progress] 6% setup before compile
<s> [webpack.Progress] 7% setup compile
<s> [webpack.Progress] 7% setup compile ExternalsPlugin
<s> [webpack.Progress] 7% setup compile ExternalsPlugin
<s> [webpack.Progress] 7% setup compile
<s> [webpack.Progress] 8% setup compilation
<s> [webpack.Progress] 8% setup compilation angular-occurrences-plugin
<s> [webpack.Progress] 8% setup compilation angular-compiler
<s> [webpack.Progress] 8% setup compilation styles-webpack-plugin
<s> [webpack.Progress] 8% setup compilation mini-css-extract-plugin
<s> [webpack.Progress] 8% setup compilation unplugin-csf
<s> [webpack.Progress] 8% setup compilation storybook-normalize-angular-entry-plugin
<s> [webpack.Progress] 8% setup compilation CopyPlugin
<s> [webpack.Progress] 8% setup compilation ArrayPushCallbackChunkFormatPlugin
<s> [webpack.Progress] 8% setup compilation JsonpChunkLoadingPlugin
<s> [webpack.Progress] 8% setup compilation StartupChunkDependenciesPlugin
<s> [webpack.Progress] 8% setup compilation ImportScriptsChunkLoadingPlugin
<s> [webpack.Progress] 8% setup compilation FetchCompileWasmPlugin
<s> [webpack.Progress] 8% setup compilation FetchCompileAsyncWasmPlugin
<s> [webpack.Progress] 8% setup compilation WorkerPlugin
<s> [webpack.Progress] 8% setup compilation SplitChunksPlugin
<s> [webpack.Progress] 8% setup compilation RuntimeChunkPlugin
<s> [webpack.Progress] 8% setup compilation ResolverCachePlugin
<s> [webpack.Progress] 8% setup compilation HtmlWebpackPlugin
<s> [webpack.Progress] 8% setup compilation
<s> [webpack.Progress] 9% setup compilation
<s> [webpack.Progress] 9% setup compilation named-chunks-plugin
<s> [webpack.Progress] 9% setup compilation DedupeModuleResolvePlugin
<s> [webpack.Progress] 9% setup compilation AnyComponentStyleBudgetChecker
<s> [webpack.Progress] 9% setup compilation mini-css-extract-plugin
<s> [webpack.Progress] 9% setup compilation SuppressExtractedTextChunks
<s> [webpack.Progress] 9% setup compilation DefinePlugin
<s> [webpack.Progress] 9% setup compilation ProvidePlugin
<s> [webpack.Progress] 9% setup compilation ProgressPlugin
<s> [webpack.Progress] 9% setup compilation ChunkPrefetchPreloadPlugin
<s> [webpack.Progress] 9% setup compilation SourceMapDevToolPlugin
<s> [webpack.Progress] 9% setup compilation JavascriptModulesPlugin
<s> [webpack.Progress] 9% setup compilation JsonModulesPlugin
<s> [webpack.Progress] 9% setup compilation AssetModulesPlugin
<s> [webpack.Progress] 9% setup compilation DynamicEntryPlugin
<s> [webpack.Progress] 9% setup compilation RuntimePlugin
<s> [webpack.Progress] 9% setup compilation InferAsyncModulesPlugin
<s> [webpack.Progress] 9% setup compilation DataUriPlugin
<s> [webpack.Progress] 9% setup compilation FileUriPlugin
<s> [webpack.Progress] 9% setup compilation CompatibilityPlugin
<s> [webpack.Progress] 9% setup compilation HarmonyModulesPlugin
<s> [webpack.Progress] 9% setup compilation AMDPlugin
<s> [webpack.Progress] 9% setup compilation RequireJsStuffPlugin
<s> [webpack.Progress] 9% setup compilation CommonJsPlugin
<s> [webpack.Progress] 9% setup compilation LoaderPlugin
<s> [webpack.Progress] 9% setup compilation LoaderPlugin
<s> [webpack.Progress] 9% setup compilation NodeStuffPlugin
<s> [webpack.Progress] 9% setup compilation APIPlugin
<s> [webpack.Progress] 9% setup compilation ExportsInfoApiPlugin
<s> [webpack.Progress] 9% setup compilation WebpackIsIncludedPlugin
<s> [webpack.Progress] 9% setup compilation ConstPlugin
<s> [webpack.Progress] 9% setup compilation UseStrictPlugin
<s> [webpack.Progress] 9% setup compilation RequireIncludePlugin
<s> [webpack.Progress] 9% setup compilation RequireEnsurePlugin
<s> [webpack.Progress] 9% setup compilation RequireContextPlugin
<s> [webpack.Progress] 9% setup compilation ImportPlugin
<s> [webpack.Progress] 9% setup compilation ImportMetaContextPlugin
<s> [webpack.Progress] 9% setup compilation SystemPlugin
<s> [webpack.Progress] 9% setup compilation ImportMetaPlugin
<s> [webpack.Progress] 9% setup compilation URLPlugin
<s> [webpack.Progress] 9% setup compilation DefaultStatsFactoryPlugin
<s> [webpack.Progress] 9% setup compilation DefaultStatsPresetPlugin
<s> [webpack.Progress] 9% setup compilation DefaultStatsPrinterPlugin
<s> [webpack.Progress] 9% setup compilation JavascriptMetaInfoPlugin
<s> [webpack.Progress] 9% setup compilation EnsureChunkConditionsPlugin
<s> [webpack.Progress] 9% setup compilation RemoveEmptyChunksPlugin
<s> [webpack.Progress] 9% setup compilation MergeDuplicateChunksPlugin
<s> [webpack.Progress] 9% setup compilation FlagIncludedChunksPlugin
<s> [webpack.Progress] 9% setup compilation SideEffectsFlagPlugin
<s> [webpack.Progress] 9% setup compilation FlagDependencyExportsPlugin
<s> [webpack.Progress] 9% setup compilation FlagDependencyUsagePlugin
<s> [webpack.Progress] 9% setup compilation InnerGraphPlugin
<s> [webpack.Progress] 9% setup compilation MangleExportsPlugin
<s> [webpack.Progress] 9% setup compilation ModuleConcatenationPlugin
<s> [webpack.Progress] 9% setup compilation NoEmitOnErrorsPlugin
<s> [webpack.Progress] 9% setup compilation RealContentHashPlugin
<s> [webpack.Progress] 9% setup compilation WasmFinalizeExportsPlugin
<s> [webpack.Progress] 9% setup compilation NamedModuleIdsPlugin
<s> [webpack.Progress] 9% setup compilation DeterministicChunkIdsPlugin
<s> [webpack.Progress] 9% setup compilation DefinePlugin
<s> [webpack.Progress] 9% setup compilation TerserPlugin
<s> [webpack.Progress] 9% setup compilation TemplatedPathPlugin
<s> [webpack.Progress] 9% setup compilation RecordIdsPlugin
<s> [webpack.Progress] 9% setup compilation WarnCaseSensitiveModulesPlugin
<s> [webpack.Progress] 9% setup compilation IgnoreWarningsPlugin
<s> [webpack.Progress] 9% setup compilation
<s> [webpack.Progress] 10% building
<s> [webpack.Progress] 10% building 0/1 entries 0/0 dependencies 0/0 modules
<s> [webpack.Progress] 10% building import loader ./node_modules/@angular-devkit/build-angular/src/tools/babel/webpack-loader.js
<s> [webpack.Progress] 10% building 0/3 entries 1/3 dependencies 0/1 modules
<s> [webpack.Progress] 10% building import loader ./node_modules/mini-css-extract-plugin/dist/loader.js
<s> [webpack.Progress] 10% building import loader ./node_modules/css-loader/dist/cjs.js
<s> [webpack.Progress] 10% building import loader ./node_modules/postcss-loader/dist/cjs.js
<s> [webpack.Progress] 10% building import loader ./node_modules/resolve-url-loader/index.js
<s> [webpack.Progress] 10% building import loader ./node_modules/sass-loader/dist/cjs.js
<s> [webpack.Progress] 10% building 0/3 entries 3/3 dependencies 0/3 modules
<s> [webpack.Progress] 10% building 0/3 entries 8/22 dependencies 3/8 modules
<s> [webpack.Progress] 28% building 1/3 entries 9/23 dependencies 4/9 modules
<s> [webpack.Progress] 28% building import loader ./node_modules/@ngtools/webpack/src/ivy/index.js
<s> [webpack.Progress] 28% building 1/3 entries 27/52 dependencies 7/25 modules
<s> [webpack.Progress] 38% building 2/3 entries 27/52 dependencies 10/25 modules
<s> [webpack.Progress] 46% building import loader ./node_modules/@storybook/builder-webpack5/dist/loaders/export-order-loader.js
<s> [webpack.Progress] 46% building import loader ./node_modules/unplugin/dist/webpack/loaders/transform.js
<s> [webpack.Progress] 46% building 2/3 entries 54/66 dependencies 10/38 modules
<s> [webpack.Progress] 46% building 2/3 entries 192/228 dependencies 23/99 modules
<s> [webpack.Progress] 46% building 2/3 entries 271/286 dependencies 44/123 modules
<s> [webpack.Progress] 46% building 2/3 entries 400/536 dependencies 67/187 modules
<s> [webpack.Progress] 46% building 2/3 entries 1400/1466 dependencies 113/551 modules
<s> [webpack.Progress] 46% building 2/3 entries 2136/2200 dependencies 274/631 modules
<s> [webpack.Progress] 46% building 2/3 entries 2589/2600 dependencies 591/785 modules
<s> [webpack.Progress] 64% building 3/3 entries 3033/3033 dependencies 901/901 modules
<s> [webpack.Progress] 65% building
<s> [webpack.Progress] 69% building finish
<s> [webpack.Progress] 69% building finish
<s> [webpack.Progress] 70% sealing finish module graph
<s> [webpack.Progress] 70% sealing finish module graph angular-compiler
<s> [webpack.Progress] 70% sealing finish module graph ResolverCachePlugin
<s> [webpack.Progress] 70% sealing finish module graph InferAsyncModulesPlugin
<s> [webpack.Progress] 70% sealing finish module graph FlagDependencyExportsPlugin
<s> [webpack.Progress] 70% sealing finish module graph InnerGraphPlugin
<s> [webpack.Progress] 70% sealing finish module graph WasmFinalizeExportsPlugin
<s> [webpack.Progress] 70% sealing finish module graph
<s> [webpack.Progress] 70% sealing plugins
<s> [webpack.Progress] 70% sealing plugins WarnCaseSensitiveModulesPlugin
<s> [webpack.Progress] 70% sealing plugins
<s> [webpack.Progress] 71% sealing dependencies optimization
<s> [webpack.Progress] 71% sealing dependencies optimization SideEffectsFlagPlugin
<s> [webpack.Progress] 71% sealing dependencies optimization FlagDependencyUsagePlugin
<s> [webpack.Progress] 71% sealing dependencies optimization
<s> [webpack.Progress] 71% sealing after dependencies optimization
<s> [webpack.Progress] 71% sealing after dependencies optimization
<s> [webpack.Progress] 72% sealing chunk graph
<s> [webpack.Progress] 72% sealing chunk graph
<s> [webpack.Progress] 73% sealing after chunk graph
<s> [webpack.Progress] 73% sealing after chunk graph
<s> [webpack.Progress] 73% sealing optimizing
<s> [webpack.Progress] 73% sealing optimizing
<s> [webpack.Progress] 74% sealing module optimization
<s> [webpack.Progress] 74% sealing module optimization
<s> [webpack.Progress] 75% sealing after module optimization
<s> [webpack.Progress] 75% sealing after module optimization
<s> [webpack.Progress] 75% sealing chunk optimization
<s> [webpack.Progress] 75% sealing chunk optimization EnsureChunkConditionsPlugin
<s> [webpack.Progress] 75% sealing chunk optimization RemoveEmptyChunksPlugin
<s> [webpack.Progress] 75% sealing chunk optimization MergeDuplicateChunksPlugin
<s> [webpack.Progress] 75% sealing chunk optimization SplitChunksPlugin
<s> [webpack.Progress] 75% sealing chunk optimization RemoveEmptyChunksPlugin
<s> [webpack.Progress] 75% sealing chunk optimization
<s> [webpack.Progress] 76% sealing after chunk optimization
<s> [webpack.Progress] 76% sealing after chunk optimization
<s> [webpack.Progress] 77% sealing module and chunk tree optimization
<s> [webpack.Progress] 77% sealing module and chunk tree optimization PersistentChildCompilerSingletonPlugin
<s> [webpack.Progress] 77% sealing module and chunk tree optimization
<s> [webpack.Progress] 77% sealing after module and chunk tree optimization
<s> [webpack.Progress] 77% sealing after module and chunk tree optimization
<s> [webpack.Progress] 78% sealing chunk modules optimization
<s> [webpack.Progress] 78% sealing chunk modules optimization ModuleConcatenationPlugin
<s> [webpack.Progress] 78% sealing chunk modules optimization
<s> [webpack.Progress] 78% sealing after chunk modules optimization
<s> [webpack.Progress] 78% sealing after chunk modules optimization
<s> [webpack.Progress] 79% sealing module reviving
<s> [webpack.Progress] 79% sealing module reviving RecordIdsPlugin
<s> [webpack.Progress] 79% sealing module reviving
<s> [webpack.Progress] 80% sealing before module ids
<s> [webpack.Progress] 80% sealing before module ids
<s> [webpack.Progress] 80% sealing module ids
<s> [webpack.Progress] 80% sealing module ids NamedModuleIdsPlugin
<s> [webpack.Progress] 80% sealing module ids
<s> [webpack.Progress] 81% sealing module id optimization
<s> [webpack.Progress] 81% sealing module id optimization
<s> [webpack.Progress] 82% sealing module id optimization
<s> [webpack.Progress] 82% sealing module id optimization
<s> [webpack.Progress] 82% sealing chunk reviving
<s> [webpack.Progress] 82% sealing chunk reviving RecordIdsPlugin
<s> [webpack.Progress] 82% sealing chunk reviving
<s> [webpack.Progress] 83% sealing before chunk ids
<s> [webpack.Progress] 83% sealing before chunk ids
<s> [webpack.Progress] 84% sealing chunk ids
<s> [webpack.Progress] 84% sealing chunk ids DeterministicChunkIdsPlugin
<s> [webpack.Progress] 84% sealing chunk ids
<s> [webpack.Progress] 84% sealing chunk id optimization
<s> [webpack.Progress] 84% sealing chunk id optimization FlagIncludedChunksPlugin
<s> [webpack.Progress] 84% sealing chunk id optimization
<s> [webpack.Progress] 85% sealing after chunk id optimization
<s> [webpack.Progress] 85% sealing after chunk id optimization
<s> [webpack.Progress] 86% sealing record modules
<s> [webpack.Progress] 86% sealing record modules RecordIdsPlugin
<s> [webpack.Progress] 86% sealing record modules
<s> [webpack.Progress] 86% sealing record chunks
<s> [webpack.Progress] 86% sealing record chunks RecordIdsPlugin
<s> [webpack.Progress] 86% sealing record chunks
<s> [webpack.Progress] 87% sealing module hashing
<s> [webpack.Progress] 87% sealing module hashing
<s> [webpack.Progress] 87% sealing code generation
<s> [webpack.Progress] 87% sealing code generation
<s> [webpack.Progress] 88% sealing runtime requirements
<s> [webpack.Progress] 88% sealing runtime requirements
<s> [webpack.Progress] 89% sealing hashing
<s> [webpack.Progress] 89% sealing hashing
<s> [webpack.Progress] 89% sealing after hashing
<s> [webpack.Progress] 89% sealing after hashing
<s> [webpack.Progress] 90% sealing record hash
<s> [webpack.Progress] 90% sealing record hash
<s> [webpack.Progress] 91% sealing module assets processing
<s> [webpack.Progress] 91% sealing module assets processing
<s> [webpack.Progress] 91% sealing chunk assets processing
<s> [webpack.Progress] 91% sealing chunk assets processing
<s> [webpack.Progress] 92% sealing asset processing
<s> [webpack.Progress] 92% sealing asset processing copy-webpack-plugin
<s> [webpack.Progress] 92% sealing asset processing PersistentChildCompilerSingletonPlugin
<s> [webpack.Progress] 92% sealing asset processing TerserPlugin
<s> [webpack.Progress] 92% sealing asset processing SourceMapDevToolPlugin
<s> [webpack.Progress] 92% sealing asset processing SourceMapDevToolPlugin
<s> [webpack.Progress] 92% sealing asset processing SourceMapDevToolPlugin main.css generate SourceMap
<s> [webpack.Progress] 92% sealing asset processing SourceMapDevToolPlugin main.css generated SourceMap
<s> [webpack.Progress] 92% sealing asset processing SourceMapDevToolPlugin main.70e4a7a6.iframe.bundle.js generate SourceMap
<s> [webpack.Progress] 92% sealing asset processing SourceMapDevToolPlugin main.70e4a7a6.iframe.bundle.js generated SourceMap
<s> [webpack.Progress] 92% sealing asset processing SourceMapDevToolPlugin runtime~main.48c54453.iframe.bundle.js generate SourceMap
<s> [webpack.Progress] 92% sealing asset processing SourceMapDevToolPlugin runtime~main.48c54453.iframe.bundle.js generated SourceMap
<s> [webpack.Progress] 92% sealing asset processing SourceMapDevToolPlugin components-bmb-badge-bmb-badge-stories.48791b1d.iframe.bundle.js generate SourceMap
<s> [webpack.Progress] 92% sealing asset processing SourceMapDevToolPlugin components-bmb-badge-bmb-badge-stories.48791b1d.iframe.bundle.js generated SourceMap
<s> [webpack.Progress] 92% sealing asset processing SourceMapDevToolPlugin components-bmb-container-button-bmb-container-button-stories.d2efc51f.iframe.bundle.js generate SourceMap
<s> [webpack.Progress] 92% sealing asset processing SourceMapDevToolPlugin components-bmb-container-button-bmb-container-button-stories.d2efc51f.iframe.bundle.js generated SourceMap
<s> [webpack.Progress] 92% sealing asset processing SourceMapDevToolPlugin components-bmb-container-bmb-container-stories.c64437a8.iframe.bundle.js generate SourceMap
<s> [webpack.Progress] 92% sealing asset processing SourceMapDevToolPlugin components-bmb-container-bmb-container-stories.c64437a8.iframe.bundle.js generated SourceMap
<s> [webpack.Progress] 92% sealing asset processing SourceMapDevToolPlugin components-bmb-fab-bmb-fab-stories.61cad08b.iframe.bundle.js generate SourceMap
<s> [webpack.Progress] 92% sealing asset processing SourceMapDevToolPlugin components-bmb-fab-bmb-fab-stories.61cad08b.iframe.bundle.js generated SourceMap
<s> [webpack.Progress] 92% sealing asset processing SourceMapDevToolPlugin components-bmb-header-mobile-bmb-header-mobile-stories.dc1a9e26.iframe.bundle.js generate SourceMap
<s> [webpack.Progress] 92% sealing asset processing SourceMapDevToolPlugin components-bmb-header-mobile-bmb-header-mobile-stories.dc1a9e26.iframe.bundle.js generated SourceMap
<s> [webpack.Progress] 92% sealing asset processing SourceMapDevToolPlugin components-bmb-home-section-bmb-home-section-stories.2a34d7f1.iframe.bundle.js generate SourceMap
<s> [webpack.Progress] 92% sealing asset processing SourceMapDevToolPlugin components-bmb-home-section-bmb-home-section-stories.2a34d7f1.iframe.bundle.js generated SourceMap
<s> [webpack.Progress] 92% sealing asset processing SourceMapDevToolPlugin components-bmb-input-bmb-input-stories.dfbbc3d8.iframe.bundle.js generate SourceMap
<s> [webpack.Progress] 92% sealing asset processing SourceMapDevToolPlugin components-bmb-input-bmb-input-stories.dfbbc3d8.iframe.bundle.js generated SourceMap
<s> [webpack.Progress] 92% sealing asset processing SourceMapDevToolPlugin components-bmb-interactive-icon-bmb-interactive-icon-stories.e529f16c.iframe.bundle.js generate SourceMap
<s> [webpack.Progress] 92% sealing asset processing SourceMapDevToolPlugin components-bmb-interactive-icon-bmb-interactive-icon-stories.e529f16c.iframe.bundle.js generated SourceMap
<s> [webpack.Progress] 92% sealing asset processing SourceMapDevToolPlugin components-bmb-tags-bmb-tags-stories.90d9b890.iframe.bundle.js generate SourceMap
<s> [webpack.Progress] 92% sealing asset processing SourceMapDevToolPlugin components-bmb-tags-bmb-tags-stories.90d9b890.iframe.bundle.js generated SourceMap
<s> [webpack.Progress] 92% sealing asset processing SourceMapDevToolPlugin components-bmb-toast-bmb-toast-stories.880effa9.iframe.bundle.js generate SourceMap
<s> [webpack.Progress] 92% sealing asset processing SourceMapDevToolPlugin components-bmb-toast-bmb-toast-stories.880effa9.iframe.bundle.js generated SourceMap
<s> [webpack.Progress] 92% sealing asset processing SourceMapDevToolPlugin components-bmb-user-image-bmb-user-images-stories.c9efbc54.iframe.bundle.js generate SourceMap
<s> [webpack.Progress] 92% sealing asset processing SourceMapDevToolPlugin components-bmb-user-image-bmb-user-images-stories.c9efbc54.iframe.bundle.js generated SourceMap
<s> [webpack.Progress] 92% sealing asset processing SourceMapDevToolPlugin directives-button-stories.7f7a2a44.iframe.bundle.js generate SourceMap
<s> [webpack.Progress] 92% sealing asset processing SourceMapDevToolPlugin directives-button-stories.7f7a2a44.iframe.bundle.js generated SourceMap
<s> [webpack.Progress] 92% sealing asset processing SourceMapDevToolPlugin 586.aa2f6fec.iframe.bundle.js generate SourceMap
<s> [webpack.Progress] 92% sealing asset processing SourceMapDevToolPlugin 586.aa2f6fec.iframe.bundle.js generated SourceMap
<s> [webpack.Progress] 92% sealing asset processing SourceMapDevToolPlugin 2.f2070a6b.iframe.bundle.js generate SourceMap
<s> [webpack.Progress] 92% sealing asset processing SourceMapDevToolPlugin 2.f2070a6b.iframe.bundle.js generated SourceMap
<s> [webpack.Progress] 92% sealing asset processing SourceMapDevToolPlugin 914.fb7540af.iframe.bundle.js generate SourceMap
<s> [webpack.Progress] 92% sealing asset processing SourceMapDevToolPlugin 914.fb7540af.iframe.bundle.js generated SourceMap
<s> [webpack.Progress] 92% sealing asset processing SourceMapDevToolPlugin 869.3049805a.iframe.bundle.js generate SourceMap
<s> [webpack.Progress] 92% sealing asset processing SourceMapDevToolPlugin 869.3049805a.iframe.bundle.js generated SourceMap
<s> [webpack.Progress] 92% sealing asset processing SourceMapDevToolPlugin 433.1a374220.iframe.bundle.js generate SourceMap
<s> [webpack.Progress] 92% sealing asset processing SourceMapDevToolPlugin 433.1a374220.iframe.bundle.js generated SourceMap
<s> [webpack.Progress] 92% sealing asset processing SourceMapDevToolPlugin 705.61be9045.iframe.bundle.js generate SourceMap
<s> [webpack.Progress] 92% sealing asset processing SourceMapDevToolPlugin 705.61be9045.iframe.bundle.js generated SourceMap
<s> [webpack.Progress] 92% sealing asset processing SourceMapDevToolPlugin 86.d0a61c42.iframe.bundle.js generate SourceMap
<s> [webpack.Progress] 92% sealing asset processing SourceMapDevToolPlugin 86.d0a61c42.iframe.bundle.js generated SourceMap
<s> [webpack.Progress] 92% sealing asset processing SourceMapDevToolPlugin 171.bdfec447.iframe.bundle.js generate SourceMap
<s> [webpack.Progress] 92% sealing asset processing SourceMapDevToolPlugin 171.bdfec447.iframe.bundle.js generated SourceMap
<s> [webpack.Progress] 92% sealing asset processing SourceMapDevToolPlugin resolve sources
<s> [webpack.Progress] 92% sealing asset processing SourceMapDevToolPlugin 586.aa2f6fec.iframe.bundle.js attach SourceMap
<s> [webpack.Progress] 92% sealing asset processing SourceMapDevToolPlugin 586.aa2f6fec.iframe.bundle.js attached SourceMap
<s> [webpack.Progress] 92% sealing asset processing SourceMapDevToolPlugin 433.1a374220.iframe.bundle.js attach SourceMap
<s> [webpack.Progress] 92% sealing asset processing SourceMapDevToolPlugin 433.1a374220.iframe.bundle.js attached SourceMap
<s> [webpack.Progress] 92% sealing asset processing SourceMapDevToolPlugin 86.d0a61c42.iframe.bundle.js attach SourceMap
<s> [webpack.Progress] 92% sealing asset processing SourceMapDevToolPlugin 86.d0a61c42.iframe.bundle.js attached SourceMap
<s> [webpack.Progress] 92% sealing asset processing SourceMapDevToolPlugin
<s> [webpack.Progress] 92% sealing asset processing SourceMapDevToolPlugin
<s> [webpack.Progress] 92% sealing asset processing SourceMapDevToolPlugin resolve sources
<s> [webpack.Progress] 92% sealing asset processing SourceMapDevToolPlugin
<s> [webpack.Progress] 92% sealing asset processing HtmlWebpackPlugin
<s> [webpack.Progress] 92% sealing asset processing HtmlWebpackPlugin
<s> [webpack.Progress] 92% sealing asset processing HtmlWebpackPlugin resolve sources
<s> [webpack.Progress] 92% sealing asset processing HtmlWebpackPlugin
<s> [webpack.Progress] 92% sealing asset processing RealContentHashPlugin
<s> [webpack.Progress] 92% sealing asset processing RealContentHashPlugin
<s> [webpack.Progress] 92% sealing asset processing RealContentHashPlugin main.b0e9d6fc.iframe.bundle.js generate SourceMap
<s> [webpack.Progress] 92% sealing asset processing RealContentHashPlugin main.b0e9d6fc.iframe.bundle.js generated SourceMap
<s> [webpack.Progress] 92% sealing asset processing RealContentHashPlugin runtime~main.40231527.iframe.bundle.js generate SourceMap
<s> [webpack.Progress] 92% sealing asset processing RealContentHashPlugin runtime~main.40231527.iframe.bundle.js generated SourceMap
<s> [webpack.Progress] 92% sealing asset processing RealContentHashPlugin components-bmb-badge-bmb-badge-stories.64bc9433.iframe.bundle.js generate SourceMap
<s> [webpack.Progress] 92% sealing asset processing RealContentHashPlugin components-bmb-badge-bmb-badge-stories.64bc9433.iframe.bundle.js generated SourceMap
<s> [webpack.Progress] 92% sealing asset processing RealContentHashPlugin components-bmb-container-button-bmb-container-button-stories.fb97e28c.iframe.bundle.js generate SourceMap
<s> [webpack.Progress] 92% sealing asset processing RealContentHashPlugin components-bmb-container-button-bmb-container-button-stories.fb97e28c.iframe.bundle.js generated SourceMap
<s> [webpack.Progress] 92% sealing asset processing RealContentHashPlugin components-bmb-container-bmb-container-stories.40730411.iframe.bundle.js generate SourceMap
<s> [webpack.Progress] 92% sealing asset processing RealContentHashPlugin components-bmb-container-bmb-container-stories.40730411.iframe.bundle.js generated SourceMap
<s> [webpack.Progress] 92% sealing asset processing RealContentHashPlugin components-bmb-fab-bmb-fab-stories.ad7343f7.iframe.bundle.js generate SourceMap
<s> [webpack.Progress] 92% sealing asset processing RealContentHashPlugin components-bmb-fab-bmb-fab-stories.ad7343f7.iframe.bundle.js generated SourceMap
<s> [webpack.Progress] 92% sealing asset processing RealContentHashPlugin components-bmb-header-mobile-bmb-header-mobile-stories.d948c8e1.iframe.bundle.js generate SourceMap
<s> [webpack.Progress] 92% sealing asset processing RealContentHashPlugin components-bmb-header-mobile-bmb-header-mobile-stories.d948c8e1.iframe.bundle.js generated SourceMap
<s> [webpack.Progress] 92% sealing asset processing RealContentHashPlugin components-bmb-home-section-bmb-home-section-stories.06284f9f.iframe.bundle.js generate SourceMap
<s> [webpack.Progress] 92% sealing asset processing RealContentHashPlugin components-bmb-home-section-bmb-home-section-stories.06284f9f.iframe.bundle.js generated SourceMap
<s> [webpack.Progress] 92% sealing asset processing RealContentHashPlugin components-bmb-input-bmb-input-stories.51c5e7d8.iframe.bundle.js generate SourceMap
<s> [webpack.Progress] 92% sealing asset processing RealContentHashPlugin components-bmb-input-bmb-input-stories.51c5e7d8.iframe.bundle.js generated SourceMap
<s> [webpack.Progress] 92% sealing asset processing RealContentHashPlugin components-bmb-interactive-icon-bmb-interactive-icon-stories.5e304ec2.iframe.bundle.js generate SourceMap
<s> [webpack.Progress] 92% sealing asset processing RealContentHashPlugin components-bmb-interactive-icon-bmb-interactive-icon-stories.5e304ec2.iframe.bundle.js generated SourceMap
<s> [webpack.Progress] 92% sealing asset processing RealContentHashPlugin components-bmb-tags-bmb-tags-stories.198f342d.iframe.bundle.js generate SourceMap
<s> [webpack.Progress] 92% sealing asset processing RealContentHashPlugin components-bmb-tags-bmb-tags-stories.198f342d.iframe.bundle.js generated SourceMap
<s> [webpack.Progress] 92% sealing asset processing RealContentHashPlugin components-bmb-toast-bmb-toast-stories.52f9916b.iframe.bundle.js generate SourceMap
<s> [webpack.Progress] 92% sealing asset processing RealContentHashPlugin components-bmb-toast-bmb-toast-stories.52f9916b.iframe.bundle.js generated SourceMap
<s> [webpack.Progress] 92% sealing asset processing RealContentHashPlugin components-bmb-user-image-bmb-user-images-stories.ecd3d78b.iframe.bundle.js generate SourceMap
<s> [webpack.Progress] 92% sealing asset processing RealContentHashPlugin components-bmb-user-image-bmb-user-images-stories.ecd3d78b.iframe.bundle.js generated SourceMap
<s> [webpack.Progress] 92% sealing asset processing RealContentHashPlugin directives-button-stories.4eb3b216.iframe.bundle.js generate SourceMap
<s> [webpack.Progress] 92% sealing asset processing RealContentHashPlugin directives-button-stories.4eb3b216.iframe.bundle.js generated SourceMap
<s> [webpack.Progress] 92% sealing asset processing RealContentHashPlugin 2.18d9e636.iframe.bundle.js generate SourceMap
<s> [webpack.Progress] 92% sealing asset processing RealContentHashPlugin 2.18d9e636.iframe.bundle.js generated SourceMap
<s> [webpack.Progress] 92% sealing asset processing RealContentHashPlugin 914.1ef01ba8.iframe.bundle.js generate SourceMap
<s> [webpack.Progress] 92% sealing asset processing RealContentHashPlugin 914.1ef01ba8.iframe.bundle.js generated SourceMap
<s> [webpack.Progress] 92% sealing asset processing RealContentHashPlugin 869.d911642f.iframe.bundle.js generate SourceMap
<s> [webpack.Progress] 92% sealing asset processing RealContentHashPlugin 869.d911642f.iframe.bundle.js generated SourceMap
<s> [webpack.Progress] 92% sealing asset processing RealContentHashPlugin 705.40d1988c.iframe.bundle.js generate SourceMap
<s> [webpack.Progress] 92% sealing asset processing RealContentHashPlugin 705.40d1988c.iframe.bundle.js generated SourceMap
<s> [webpack.Progress] 92% sealing asset processing RealContentHashPlugin 171.5167f7d9.iframe.bundle.js generate SourceMap
<s> [webpack.Progress] 92% sealing asset processing RealContentHashPlugin 171.5167f7d9.iframe.bundle.js generated SourceMap
<s> [webpack.Progress] 92% sealing asset processing RealContentHashPlugin resolve sources
<s> [webpack.Progress] 92% sealing asset processing RealContentHashPlugin
<s> [webpack.Progress] 92% sealing asset processing angular-occurrences-plugin
<s> [webpack.Progress] 92% sealing asset processing AnyComponentStyleBudgetChecker
<s> [webpack.Progress] 92% sealing asset processing
<s> [webpack.Progress] 93% sealing after asset optimization
<s> [webpack.Progress] 93% sealing after asset optimization
<s> [webpack.Progress] 93% sealing recording
<s> [webpack.Progress] 93% sealing recording
<s> [webpack.Progress] 94% sealing after seal
<s> [webpack.Progress] 94% sealing after seal
<s> [webpack.Progress] 95% emitting emit
<s> [webpack.Progress] 95% emitting emit
<s> [webpack.Progress] 98% emitting after emit
<s> [webpack.Progress] 98% emitting after emit SizeLimitsPlugin
<s> [webpack.Progress] 98% emitting after emit
<s> [webpack.Progress] 99% done plugins
<s> [webpack.Progress] 99% done plugins CaseSensitivePathsPlugin
<s> [webpack.Progress] 99% done plugins
<s> [webpack.Progress] 99% 

<s> [webpack.Progress] 99% cache store build dependencies
<s> [webpack.Progress] 99% cache store build dependencies
<s> [webpack.Progress] 99% cache begin idle
<s> [webpack.Progress] 99% cache begin idle
<s> [webpack.Progress] 100% 

WARN /Users/lizvillegas/sites/tec-desing-system-ng/projects/ds-ng/src/lib/components/bmb-divider/bmb-divider.component.ts is part of the TypeScript compilation but it's unused.
WARN Add only entry points to the 'files' or 'include' properties in your tsconfig.
WARN /Users/lizvillegas/sites/tec-desing-system-ng/projects/ds-ng/src/lib/components/bmb-dot-paginator/bmb-dot-paginator.component.ts is part of the TypeScript compilation but it's unused.
WARN Add only entry points to the 'files' or 'include' properties in your tsconfig.
WARN /Users/lizvillegas/sites/tec-desing-system-ng/projects/ds-ng/src/lib/components/bmb-dot-paginator/bmb-dot-paginator.interface.ts is part of the TypeScript compilation but it's unused.
WARN Add only entry points to the 'files' or 'include' properties in your tsconfig.
WARN /Users/lizvillegas/sites/tec-desing-system-ng/projects/ds-ng/src/lib/components/bmb-theme/bmb-theme.component.ts is part of the TypeScript compilation but it's unused.
WARN Add only entry points to the 'files' or 'include' properties in your tsconfig.
WARN /Users/lizvillegas/sites/tec-desing-system-ng/projects/ds-ng/src/lib/ds-ng.component.ts is part of the TypeScript compilation but it's unused.
WARN Add only entry points to the 'files' or 'include' properties in your tsconfig.
WARN /Users/lizvillegas/sites/tec-desing-system-ng/projects/ds-ng/src/lib/ds-ng.service.ts is part of the TypeScript compilation but it's unused.
WARN Add only entry points to the 'files' or 'include' properties in your tsconfig.
WARN /Users/lizvillegas/sites/tec-desing-system-ng/projects/ds-ng/src/public-api.ts is part of the TypeScript compilation but it's unused.
WARN Add only entry points to the 'files' or 'include' properties in your tsconfig.
WARN asset size limit: The following asset(s) exceed the recommended size limit (244 KiB).
WARN This can impact web performance.
WARN Assets: 
WARN   assets/fonts/Material/material-symbols.woff2 (2.91 MiB)
WARN   586.942ee4da.iframe.bundle.js (815 KiB)
WARN   433.6149222b.iframe.bundle.js (583 KiB)
WARN   86.d62deab8.iframe.bundle.js (2.52 MiB)
WARN entrypoint size limit: The following entrypoint(s) combined asset size exceeds the recommended limit (244 KiB). This can impact web performance.
WARN Entrypoints:
WARN   main (2.56 MiB)
WARN       runtime~main.40231527.iframe.bundle.js
WARN       86.d62deab8.iframe.bundle.js
WARN       main.css
WARN       main.b0e9d6fc.iframe.bundle.js
WARN 
<s> [webpack.Progress] 99% cache shutdown
<s> [webpack.Progress] 99% cache shutdown
<s> [webpack.Progress] 100% 

info => Preview built (31 s)
info => Output directory: /var/folders/3k/vwgnwxtj4zb7pyzr4kv9fllr0000gn/T/chromatic--89500-eii4PNHlslsM
